<?xml version="1.0" encoding="UTF-8"?>
<!-- Generated by org.testng.reporters.JUnitXMLReporter -->
<testsuite hostname="vladislavs-MacBook-Pro.local" ignored="0" name="Default test" tests="7" failures="0" timestamp="03 Jul 2018 04:21:29 GMT" time="8.032" errors="0">
  <testcase name="sortedByRank" time="0.418" classname="olimpic.OlimpicMedals$OlympicsGames"/>
  <testcase name="checkCountries" time="0.353" classname="olimpic.OlimpicMedals$OlympicsGames"/>
  <testcase name="checkRanks" time="0.266" classname="olimpic.OlimpicMedals$OlympicsGames"/>
  <testcase name="mostGoldMedal" time="1.421" classname="olimpic.OlimpicMedals$OlympicsGames"/>
  <testcase name="mostSilver" time="0.301" classname="olimpic.OlimpicMedals$OlympicsGames"/>
  <testcase name="mostBronzMedal" time="0.269" classname="olimpic.OlimpicMedals$OlympicsGames"/>
  <testcase name="mostNumberOfMedal" time="0.278" classname="olimpic.OlimpicMedals$OlympicsGames"/>
</testsuite> <!-- Default test -->
