<?xml version="1.0" encoding="UTF-8"?>
<testng-results skipped="0" failed="0" ignored="0" total="7" passed="7">
  <reporter-output>
  </reporter-output>
  <suite name="Default suite" duration-ms="8032" started-at="2018-07-03T04:21:21Z" finished-at="2018-07-03T04:21:29Z">
    <groups>
    </groups>
    <test name="Default test" duration-ms="8032" started-at="2018-07-03T04:21:21Z" finished-at="2018-07-03T04:21:29Z">
      <class name="olimpic.OlimpicMedals$OlympicsGames">
        <test-method status="PASS" signature="setUp()[pri:0, instance:olimpic.OlimpicMedals$OlympicsGames@5c3bd550]" name="setUp" is-config="true" duration-ms="2361" started-at="2018-07-03T04:21:21Z" finished-at="2018-07-03T04:21:23Z">
          <reporter-output>
          </reporter-output>
        </test-method> <!-- setUp -->
        <test-method status="PASS" signature="frontPage()[pri:0, instance:olimpic.OlimpicMedals$OlympicsGames@5c3bd550]" name="frontPage" is-config="true" duration-ms="2101" started-at="2018-07-03T04:21:23Z" finished-at="2018-07-03T04:21:25Z">
          <reporter-output>
          </reporter-output>
        </test-method> <!-- frontPage -->
        <test-method status="PASS" signature="sortedByRank()[pri:1, instance:olimpic.OlimpicMedals$OlympicsGames@5c3bd550]" name="sortedByRank" duration-ms="418" started-at="2018-07-03T04:21:25Z" finished-at="2018-07-03T04:21:26Z">
          <reporter-output>
          </reporter-output>
        </test-method> <!-- sortedByRank -->
        <test-method status="PASS" signature="frontPage()[pri:0, instance:olimpic.OlimpicMedals$OlympicsGames@5c3bd550]" name="frontPage" is-config="true" duration-ms="44" started-at="2018-07-03T04:21:26Z" finished-at="2018-07-03T04:21:26Z">
          <reporter-output>
          </reporter-output>
        </test-method> <!-- frontPage -->
        <test-method status="PASS" signature="checkCountries()[pri:3, instance:olimpic.OlimpicMedals$OlympicsGames@5c3bd550]" name="checkCountries" duration-ms="353" started-at="2018-07-03T04:21:26Z" finished-at="2018-07-03T04:21:26Z">
          <reporter-output>
          </reporter-output>
        </test-method> <!-- checkCountries -->
        <test-method status="PASS" signature="frontPage()[pri:0, instance:olimpic.OlimpicMedals$OlympicsGames@5c3bd550]" name="frontPage" is-config="true" duration-ms="33" started-at="2018-07-03T04:21:26Z" finished-at="2018-07-03T04:21:26Z">
          <reporter-output>
          </reporter-output>
        </test-method> <!-- frontPage -->
        <test-method status="PASS" signature="checkRanks()[pri:4, instance:olimpic.OlimpicMedals$OlympicsGames@5c3bd550]" name="checkRanks" duration-ms="266" started-at="2018-07-03T04:21:26Z" finished-at="2018-07-03T04:21:27Z">
          <reporter-output>
          </reporter-output>
        </test-method> <!-- checkRanks -->
        <test-method status="PASS" signature="frontPage()[pri:0, instance:olimpic.OlimpicMedals$OlympicsGames@5c3bd550]" name="frontPage" is-config="true" duration-ms="30" started-at="2018-07-03T04:21:27Z" finished-at="2018-07-03T04:21:27Z">
          <reporter-output>
          </reporter-output>
        </test-method> <!-- frontPage -->
        <test-method status="PASS" signature="mostGoldMedal()[pri:5, instance:olimpic.OlimpicMedals$OlympicsGames@5c3bd550]" name="mostGoldMedal" duration-ms="1421" started-at="2018-07-03T04:21:27Z" finished-at="2018-07-03T04:21:28Z">
          <reporter-output>
          </reporter-output>
        </test-method> <!-- mostGoldMedal -->
        <test-method status="PASS" signature="frontPage()[pri:0, instance:olimpic.OlimpicMedals$OlympicsGames@5c3bd550]" name="frontPage" is-config="true" duration-ms="68" started-at="2018-07-03T04:21:28Z" finished-at="2018-07-03T04:21:28Z">
          <reporter-output>
          </reporter-output>
        </test-method> <!-- frontPage -->
        <test-method status="PASS" signature="mostSilver()[pri:6, instance:olimpic.OlimpicMedals$OlympicsGames@5c3bd550]" name="mostSilver" duration-ms="301" started-at="2018-07-03T04:21:28Z" finished-at="2018-07-03T04:21:28Z">
          <reporter-output>
          </reporter-output>
        </test-method> <!-- mostSilver -->
        <test-method status="PASS" signature="frontPage()[pri:0, instance:olimpic.OlimpicMedals$OlympicsGames@5c3bd550]" name="frontPage" is-config="true" duration-ms="24" started-at="2018-07-03T04:21:28Z" finished-at="2018-07-03T04:21:28Z">
          <reporter-output>
          </reporter-output>
        </test-method> <!-- frontPage -->
        <test-method status="PASS" signature="mostBronzMedal()[pri:7, instance:olimpic.OlimpicMedals$OlympicsGames@5c3bd550]" name="mostBronzMedal" duration-ms="269" started-at="2018-07-03T04:21:28Z" finished-at="2018-07-03T04:21:29Z">
          <reporter-output>
          </reporter-output>
        </test-method> <!-- mostBronzMedal -->
        <test-method status="PASS" signature="frontPage()[pri:0, instance:olimpic.OlimpicMedals$OlympicsGames@5c3bd550]" name="frontPage" is-config="true" duration-ms="22" started-at="2018-07-03T04:21:29Z" finished-at="2018-07-03T04:21:29Z">
          <reporter-output>
          </reporter-output>
        </test-method> <!-- frontPage -->
        <test-method status="PASS" signature="mostNumberOfMedal()[pri:8, instance:olimpic.OlimpicMedals$OlympicsGames@5c3bd550]" name="mostNumberOfMedal" duration-ms="278" started-at="2018-07-03T04:21:29Z" finished-at="2018-07-03T04:21:29Z">
          <reporter-output>
          </reporter-output>
        </test-method> <!-- mostNumberOfMedal -->
      </class> <!-- olimpic.OlimpicMedals$OlympicsGames -->
    </test> <!-- Default test -->
  </suite> <!-- Default suite -->
</testng-results>
